<?xml version="1.0" encoding="UTF-8"?>
<!-- Generated by org.testng.reporters.JUnitReportReporter -->
<testsuite skipped="0" hostname="abcs-MacBook-Pro.local" name="tests.appleSearchTest" tests="1" failures="0" timestamp="18 May 2020 05:41:05 GMT" time="26.360" errors="0">
  <testcase name="verifyCart" time="26.360" classname="tests.appleSearchTest"/>
</testsuite> <!-- tests.appleSearchTest -->
